<?xml version="1.0" encoding="UTF-8"?>
<!-- Generated by org.testng.reporters.JUnitXMLReporter -->
<testsuite hostname="Sindhuja-PC" ignored="0" name="Default test" tests="6" failures="0" timestamp="27 May 2021 13:25:46 GMT" time="100.811" errors="0">
  <testcase name="webDevSearch" time="20.184" classname="TestCases.TestClass"/>
  <testcase name="webDevDetails" time="10.515" classname="TestCases.TestClass"/>
  <testcase name="langLearningSearch" time="12.274" classname="TestCases.TestClass"/>
  <testcase name="langLearningLangDetails" time="4.317" classname="TestCases.TestClass"/>
  <testcase name="langLearningLevelCount" time="35.705" classname="TestCases.TestClass"/>
  <testcase name="forEnterprise" time="17.095" classname="TestCases.TestClass"/>
</testsuite> <!-- Default test -->
