<?xml version="1.0" encoding="UTF-8"?>
<!-- Generated by org.testng.reporters.JUnitXMLReporter -->
<testsuite hostname="Sindhuja-PC" ignored="0" name="Test" tests="6" failures="0" timestamp="27 May 2021 16:09:58 GMT" time="109.118" errors="0">
  <testcase name="webDevSearch" time="20.667" classname="TestCases.TestClass"/>
  <testcase name="webDevDetails" time="8.522" classname="TestCases.TestClass"/>
  <testcase name="langLearningSearch" time="17.895" classname="TestCases.TestClass"/>
  <testcase name="langLearningLangDetails" time="3.549" classname="TestCases.TestClass"/>
  <testcase name="langLearningLevelCount" time="39.97" classname="TestCases.TestClass"/>
  <testcase name="forEnterprise" time="18.476" classname="TestCases.TestClass"/>
</testsuite> <!-- Test -->
