<?xml version="1.0" encoding="UTF-8"?>
<testng-results skipped="0" failed="0" ignored="0" total="6" passed="6">
  <reporter-output>
  </reporter-output>
  <suite name="IdentifyCourse" duration-ms="109118" started-at="2021-05-27T16:08:09Z" finished-at="2021-05-27T16:09:58Z">
    <groups>
      <group name="Regression">
        <method signature="TestClass.forEnterprise()[pri:5, instance:TestCases.TestClass@69b0fd6f]" name="forEnterprise" class="TestCases.TestClass"/>
        <method signature="TestClass.langLearningLangDetails()[pri:3, instance:TestCases.TestClass@69b0fd6f]" name="langLearningLangDetails" class="TestCases.TestClass"/>
        <method signature="TestClass.langLearningLevelCount()[pri:4, instance:TestCases.TestClass@69b0fd6f]" name="langLearningLevelCount" class="TestCases.TestClass"/>
        <method signature="TestClass.langLearningSearch()[pri:2, instance:TestCases.TestClass@69b0fd6f]" name="langLearningSearch" class="TestCases.TestClass"/>
        <method signature="TestClass.webDevDetails()[pri:1, instance:TestCases.TestClass@69b0fd6f]" name="webDevDetails" class="TestCases.TestClass"/>
        <method signature="TestClass.webDevSearch()[pri:0, instance:TestCases.TestClass@69b0fd6f]" name="webDevSearch" class="TestCases.TestClass"/>
      </group> <!-- Regression -->
      <group name="Smoke">
        <method signature="TestClass.forEnterprise()[pri:5, instance:TestCases.TestClass@69b0fd6f]" name="forEnterprise" class="TestCases.TestClass"/>
        <method signature="TestClass.langLearningSearch()[pri:2, instance:TestCases.TestClass@69b0fd6f]" name="langLearningSearch" class="TestCases.TestClass"/>
        <method signature="TestClass.webDevSearch()[pri:0, instance:TestCases.TestClass@69b0fd6f]" name="webDevSearch" class="TestCases.TestClass"/>
      </group> <!-- Smoke -->
    </groups>
    <test name="Test" duration-ms="109118" started-at="2021-05-27T16:08:09Z" finished-at="2021-05-27T16:09:58Z">
      <class name="TestCases.TestClass">
        <test-method status="PASS" signature="webDevSearch()[pri:0, instance:TestCases.TestClass@69b0fd6f]" name="webDevSearch" duration-ms="20667" started-at="2021-05-27T21:38:09Z" finished-at="2021-05-27T21:38:30Z">
          <reporter-output>
          </reporter-output>
        </test-method> <!-- webDevSearch -->
        <test-method status="PASS" signature="webDevDetails()[pri:1, instance:TestCases.TestClass@69b0fd6f]" name="webDevDetails" duration-ms="8522" started-at="2021-05-27T21:38:30Z" finished-at="2021-05-27T21:38:39Z">
          <reporter-output>
          </reporter-output>
        </test-method> <!-- webDevDetails -->
        <test-method status="PASS" signature="langLearningSearch()[pri:2, instance:TestCases.TestClass@69b0fd6f]" name="langLearningSearch" duration-ms="17895" started-at="2021-05-27T21:38:39Z" finished-at="2021-05-27T21:38:56Z">
          <reporter-output>
          </reporter-output>
        </test-method> <!-- langLearningSearch -->
        <test-method status="PASS" signature="langLearningLangDetails()[pri:3, instance:TestCases.TestClass@69b0fd6f]" name="langLearningLangDetails" duration-ms="3549" started-at="2021-05-27T21:38:56Z" finished-at="2021-05-27T21:39:00Z">
          <reporter-output>
          </reporter-output>
        </test-method> <!-- langLearningLangDetails -->
        <test-method status="PASS" signature="langLearningLevelCount()[pri:4, instance:TestCases.TestClass@69b0fd6f]" name="langLearningLevelCount" duration-ms="39970" started-at="2021-05-27T21:39:00Z" finished-at="2021-05-27T21:39:40Z">
          <reporter-output>
          </reporter-output>
        </test-method> <!-- langLearningLevelCount -->
        <test-method status="PASS" signature="forEnterprise()[pri:5, instance:TestCases.TestClass@69b0fd6f]" name="forEnterprise" duration-ms="18476" started-at="2021-05-27T21:39:40Z" finished-at="2021-05-27T21:39:58Z">
          <reporter-output>
          </reporter-output>
        </test-method> <!-- forEnterprise -->
      </class> <!-- TestCases.TestClass -->
    </test> <!-- Test -->
  </suite> <!-- IdentifyCourse -->
</testng-results>
